2003.06.30 15:31 B C:\Blackwood\new_blackwood\JGraphics\people\Blacksmithman.gif <-- Blackwood/mooadmin /home/mooadmin/public_html/new_blackwood/JGraphics/people Blacksmithman.gif
2003.06.30 15:31 B C:\Blackwood\new_blackwood\JGraphics\people\builder1.gif <-- Blackwood/mooadmin /home/mooadmin/public_html/new_blackwood/JGraphics/people builder1.gif
2003.06.30 15:31 B C:\Blackwood\new_blackwood\JGraphics\people\carp_bld.gif <-- Blackwood/mooadmin /home/mooadmin/public_html/new_blackwood/JGraphics/people carp_bld.gif
2003.06.30 15:31 B C:\Blackwood\new_blackwood\JGraphics\people\Cowboy.gif <-- Blackwood/mooadmin /home/mooadmin/public_html/new_blackwood/JGraphics/people Cowboy.gif
2003.06.30 15:31 B C:\Blackwood\new_blackwood\JGraphics\people\cowboy1.gif <-- Blackwood/mooadmin /home/mooadmin/public_html/new_blackwood/JGraphics/people cowboy1.gif
2003.06.30 15:31 B C:\Blackwood\new_blackwood\JGraphics\people\daviecrocket.gif <-- Blackwood/mooadmin /home/mooadmin/public_html/new_blackwood/JGraphics/people daviecrocket.gif
2003.06.30 15:31 B C:\Blackwood\new_blackwood\JGraphics\people\drygoods.gif <-- Blackwood/mooadmin /home/mooadmin/public_html/new_blackwood/JGraphics/people drygoods.gif
2003.06.30 15:31 B C:\Blackwood\new_blackwood\JGraphics\people\enlisted.gif <-- Blackwood/mooadmin /home/mooadmin/public_html/new_blackwood/JGraphics/people enlisted.gif
2003.06.30 15:31 B C:\Blackwood\new_blackwood\JGraphics\people\enlistedman.gif <-- Blackwood/mooadmin /home/mooadmin/public_html/new_blackwood/JGraphics/people enlistedman.gif
2003.06.30 15:31 B C:\Blackwood\new_blackwood\JGraphics\people\farmernk.gif <-- Blackwood/mooadmin /home/mooadmin/public_html/new_blackwood/JGraphics/people farmernk.gif
2003.06.30 15:31 B C:\Blackwood\new_blackwood\JGraphics\people\homemkr.gif <-- Blackwood/mooadmin /home/mooadmin/public_html/new_blackwood/JGraphics/people homemkr.gif
2003.06.30 15:31 B C:\Blackwood\new_blackwood\JGraphics\people\lethrmkr.gif <-- Blackwood/mooadmin /home/mooadmin/public_html/new_blackwood/JGraphics/people lethrmkr.gif
2003.06.30 15:31 B C:\Blackwood\new_blackwood\JGraphics\people\lethrmkr1.gif <-- Blackwood/mooadmin /home/mooadmin/public_html/new_blackwood/JGraphics/people lethrmkr1.gif
2003.06.30 15:31 B C:\Blackwood\new_blackwood\JGraphics\people\lethrmkr2_new.gif <-- Blackwood/mooadmin /home/mooadmin/public_html/new_blackwood/JGraphics/people lethrmkr2_new.gif
2003.06.30 15:31 B C:\Blackwood\new_blackwood\JGraphics\people\lethrmkr2copy.gif <-- Blackwood/mooadmin /home/mooadmin/public_html/new_blackwood/JGraphics/people lethrmkr2copy.gif
2003.06.30 15:31 B C:\Blackwood\new_blackwood\JGraphics\people\lethrmkr_new.gif <-- Blackwood/mooadmin /home/mooadmin/public_html/new_blackwood/JGraphics/people lethrmkr_new.gif
2003.06.30 15:31 B C:\Blackwood\new_blackwood\JGraphics\people\lethrmkr_old.gif <-- Blackwood/mooadmin /home/mooadmin/public_html/new_blackwood/JGraphics/people lethrmkr_old.gif
2003.06.30 15:31 B C:\Blackwood\new_blackwood\JGraphics\people\lmbrman.gif <-- Blackwood/mooadmin /home/mooadmin/public_html/new_blackwood/JGraphics/people lmbrman.gif
2003.06.30 15:31 B C:\Blackwood\new_blackwood\JGraphics\people\lmbrman_new.gif <-- Blackwood/mooadmin /home/mooadmin/public_html/new_blackwood/JGraphics/people lmbrman_new.gif
2003.06.30 15:31 B C:\Blackwood\new_blackwood\JGraphics\people\lthrmakr.gif <-- Blackwood/mooadmin /home/mooadmin/public_html/new_blackwood/JGraphics/people lthrmakr.gif
2003.06.30 15:31 B C:\Blackwood\new_blackwood\JGraphics\people\mailcarrier.gif <-- Blackwood/mooadmin /home/mooadmin/public_html/new_blackwood/JGraphics/people mailcarrier.gif
2003.06.30 15:31 B C:\Blackwood\new_blackwood\JGraphics\people\man.gif <-- Blackwood/mooadmin /home/mooadmin/public_html/new_blackwood/JGraphics/people man.gif
2003.06.30 15:31 B C:\Blackwood\new_blackwood\JGraphics\people\man10completed.gif <-- Blackwood/mooadmin /home/mooadmin/public_html/new_blackwood/JGraphics/people man10completed.gif
2003.06.30 15:31 B C:\Blackwood\new_blackwood\JGraphics\people\man111_new.gif <-- Blackwood/mooadmin /home/mooadmin/public_html/new_blackwood/JGraphics/people man111_new.gif
2003.06.30 15:31 B C:\Blackwood\new_blackwood\JGraphics\people\man11a_new.gif <-- Blackwood/mooadmin /home/mooadmin/public_html/new_blackwood/JGraphics/people man11a_new.gif
2003.06.30 15:31 B C:\Blackwood\new_blackwood\JGraphics\people\man11b.gif <-- Blackwood/mooadmin /home/mooadmin/public_html/new_blackwood/JGraphics/people man11b.gif
2003.06.30 15:31 B C:\Blackwood\new_blackwood\JGraphics\people\man11completed.gif <-- Blackwood/mooadmin /home/mooadmin/public_html/new_blackwood/JGraphics/people man11completed.gif
2003.06.30 15:31 B C:\Blackwood\new_blackwood\JGraphics\people\man12again.gif <-- Blackwood/mooadmin /home/mooadmin/public_html/new_blackwood/JGraphics/people man12again.gif
2003.06.30 15:31 B C:\Blackwood\new_blackwood\JGraphics\people\man12againnew.gif <-- Blackwood/mooadmin /home/mooadmin/public_html/new_blackwood/JGraphics/people man12againnew.gif
2003.06.30 15:31 B C:\Blackwood\new_blackwood\JGraphics\people\man12completed1copy.gif <-- Blackwood/mooadmin /home/mooadmin/public_html/new_blackwood/JGraphics/people man12completed1copy.gif
2003.06.30 15:31 B C:\Blackwood\new_blackwood\JGraphics\people\man12d.gif <-- Blackwood/mooadmin /home/mooadmin/public_html/new_blackwood/JGraphics/people man12d.gif
2003.06.30 15:31 B C:\Blackwood\new_blackwood\JGraphics\people\man12new.gif <-- Blackwood/mooadmin /home/mooadmin/public_html/new_blackwood/JGraphics/people man12new.gif
2003.06.30 15:31 B C:\Blackwood\new_blackwood\JGraphics\people\man14completed2copy.gif <-- Blackwood/mooadmin /home/mooadmin/public_html/new_blackwood/JGraphics/people man14completed2copy.gif
2003.06.30 15:31 B C:\Blackwood\new_blackwood\JGraphics\people\man16completed.gif <-- Blackwood/mooadmin /home/mooadmin/public_html/new_blackwood/JGraphics/people man16completed.gif
2003.06.30 15:31 B C:\Blackwood\new_blackwood\JGraphics\people\man17.gif <-- Blackwood/mooadmin /home/mooadmin/public_html/new_blackwood/JGraphics/people man17.gif
2003.06.30 15:31 B C:\Blackwood\new_blackwood\JGraphics\people\man19.gif <-- Blackwood/mooadmin /home/mooadmin/public_html/new_blackwood/JGraphics/people man19.gif
2003.06.30 15:31 B C:\Blackwood\new_blackwood\JGraphics\people\man20.gif <-- Blackwood/mooadmin /home/mooadmin/public_html/new_blackwood/JGraphics/people man20.gif
2003.06.30 15:31 B C:\Blackwood\new_blackwood\JGraphics\people\man21.gif <-- Blackwood/mooadmin /home/mooadmin/public_html/new_blackwood/JGraphics/people man21.gif
2003.06.30 15:31 B C:\Blackwood\new_blackwood\JGraphics\people\man3.gif <-- Blackwood/mooadmin /home/mooadmin/public_html/new_blackwood/JGraphics/people man3.gif
2003.06.30 15:31 B C:\Blackwood\new_blackwood\JGraphics\people\man9.gif <-- Blackwood/mooadmin /home/mooadmin/public_html/new_blackwood/JGraphics/people man9.gif
2003.06.30 15:31 B C:\Blackwood\new_blackwood\JGraphics\people\manc12_new.gif <-- Blackwood/mooadmin /home/mooadmin/public_html/new_blackwood/JGraphics/people manc12_new.gif
2003.06.30 15:31 B C:\Blackwood\new_blackwood\JGraphics\people\miner.gif <-- Blackwood/mooadmin /home/mooadmin/public_html/new_blackwood/JGraphics/people miner.gif
2003.06.30 15:31 B C:\Blackwood\new_blackwood\JGraphics\people\MINER2.gif <-- Blackwood/mooadmin /home/mooadmin/public_html/new_blackwood/JGraphics/people MINER2.gif
2003.06.30 15:31 B C:\Blackwood\new_blackwood\JGraphics\people\NEWofficer.gif <-- Blackwood/mooadmin /home/mooadmin/public_html/new_blackwood/JGraphics/people NEWofficer.gif
2003.06.30 15:31 B C:\Blackwood\new_blackwood\JGraphics\people\NEWtailorman.gif <-- Blackwood/mooadmin /home/mooadmin/public_html/new_blackwood/JGraphics/people NEWtailorman.gif
2003.06.30 15:31 B C:\Blackwood\new_blackwood\JGraphics\people\NEWteamsterman.gif <-- Blackwood/mooadmin /home/mooadmin/public_html/new_blackwood/JGraphics/people NEWteamsterman.gif
2003.06.30 15:31 B C:\Blackwood\new_blackwood\JGraphics\people\NEWwoman6.gif <-- Blackwood/mooadmin /home/mooadmin/public_html/new_blackwood/JGraphics/people NEWwoman6.gif
2003.06.30 15:31 B C:\Blackwood\new_blackwood\JGraphics\people\nun.gif <-- Blackwood/mooadmin /home/mooadmin/public_html/new_blackwood/JGraphics/people nun.gif
2003.06.30 15:31 B C:\Blackwood\new_blackwood\JGraphics\people\OFFICER2.gif <-- Blackwood/mooadmin /home/mooadmin/public_html/new_blackwood/JGraphics/people OFFICER2.gif
2003.06.30 15:31 B C:\Blackwood\new_blackwood\JGraphics\people\Preload.cgi <-- Blackwood/mooadmin /home/mooadmin/public_html/new_blackwood/JGraphics/people Preload.cgi
2003.06.30 15:31 B C:\Blackwood\new_blackwood\JGraphics\people\settlers1new.gif <-- Blackwood/mooadmin /home/mooadmin/public_html/new_blackwood/JGraphics/people settlers1new.gif
2003.06.30 15:31 B C:\Blackwood\new_blackwood\JGraphics\people\settlers2new.gif <-- Blackwood/mooadmin /home/mooadmin/public_html/new_blackwood/JGraphics/people settlers2new.gif
2003.06.30 15:31 B C:\Blackwood\new_blackwood\JGraphics\people\stablema_new.gif <-- Blackwood/mooadmin /home/mooadmin/public_html/new_blackwood/JGraphics/people stablema_new.gif
2003.06.30 15:31 B C:\Blackwood\new_blackwood\JGraphics\people\steacher.gif <-- Blackwood/mooadmin /home/mooadmin/public_html/new_blackwood/JGraphics/people steacher.gif
2003.06.30 15:31 B C:\Blackwood\new_blackwood\JGraphics\people\tavimage.gif <-- Blackwood/mooadmin /home/mooadmin/public_html/new_blackwood/JGraphics/people tavimage.gif
2003.06.30 15:31 B C:\Blackwood\new_blackwood\JGraphics\people\Thumbs.db <-- Blackwood/mooadmin /home/mooadmin/public_html/new_blackwood/JGraphics/people Thumbs.db
2003.06.30 15:31 B C:\Blackwood\new_blackwood\JGraphics\people\woodmansnew.gif <-- Blackwood/mooadmin /home/mooadmin/public_html/new_blackwood/JGraphics/people woodmansnew.gif
