2003.06.30 15:30 B C:\Blackwood\new_blackwood\JGraphics\interface\_Image2.jpg <-- Blackwood/mooadmin /home/mooadmin/public_html/new_blackwood/JGraphics/interface _Image2.jpg
2003.06.30 15:30 B C:\Blackwood\new_blackwood\JGraphics\interface\bgbar.jpg <-- Blackwood/mooadmin /home/mooadmin/public_html/new_blackwood/JGraphics/interface bgbar.jpg
2003.06.30 15:30 B C:\Blackwood\new_blackwood\JGraphics\interface\bginfob.jpg <-- Blackwood/mooadmin /home/mooadmin/public_html/new_blackwood/JGraphics/interface bginfob.jpg
2003.06.30 15:30 B C:\Blackwood\new_blackwood\JGraphics\interface\bginfol.jpg <-- Blackwood/mooadmin /home/mooadmin/public_html/new_blackwood/JGraphics/interface bginfol.jpg
2003.06.30 15:30 B C:\Blackwood\new_blackwood\JGraphics\interface\bginfor.jpg <-- Blackwood/mooadmin /home/mooadmin/public_html/new_blackwood/JGraphics/interface bginfor.jpg
2003.06.30 15:30 B C:\Blackwood\new_blackwood\JGraphics\interface\bginfot.jpg <-- Blackwood/mooadmin /home/mooadmin/public_html/new_blackwood/JGraphics/interface bginfot.jpg
2003.06.30 15:30 B C:\Blackwood\new_blackwood\JGraphics\interface\bgsign.jpg <-- Blackwood/mooadmin /home/mooadmin/public_html/new_blackwood/JGraphics/interface bgsign.jpg
2003.06.30 15:30 B C:\Blackwood\new_blackwood\JGraphics\interface\bgstageb.jpg <-- Blackwood/mooadmin /home/mooadmin/public_html/new_blackwood/JGraphics/interface bgstageb.jpg
2003.06.30 15:30 B C:\Blackwood\new_blackwood\JGraphics\interface\bgstagel.jpg <-- Blackwood/mooadmin /home/mooadmin/public_html/new_blackwood/JGraphics/interface bgstagel.jpg
2003.06.30 15:30 B C:\Blackwood\new_blackwood\JGraphics\interface\bgstager.jpg <-- Blackwood/mooadmin /home/mooadmin/public_html/new_blackwood/JGraphics/interface bgstager.jpg
2003.06.30 15:30 B C:\Blackwood\new_blackwood\JGraphics\interface\bgstaget.jpg <-- Blackwood/mooadmin /home/mooadmin/public_html/new_blackwood/JGraphics/interface bgstaget.jpg
2003.06.30 15:30 B C:\Blackwood\new_blackwood\JGraphics\interface\bgtalkb.jpg <-- Blackwood/mooadmin /home/mooadmin/public_html/new_blackwood/JGraphics/interface bgtalkb.jpg
2003.06.30 15:30 B C:\Blackwood\new_blackwood\JGraphics\interface\bgtalkl.jpg <-- Blackwood/mooadmin /home/mooadmin/public_html/new_blackwood/JGraphics/interface bgtalkl.jpg
2003.06.30 15:30 B C:\Blackwood\new_blackwood\JGraphics\interface\bgtalkr.jpg <-- Blackwood/mooadmin /home/mooadmin/public_html/new_blackwood/JGraphics/interface bgtalkr.jpg
2003.06.30 15:30 B C:\Blackwood\new_blackwood\JGraphics\interface\bgtalkt.jpg <-- Blackwood/mooadmin /home/mooadmin/public_html/new_blackwood/JGraphics/interface bgtalkt.jpg
2003.06.30 15:30 B C:\Blackwood\new_blackwood\JGraphics\interface\bgtime.jpg <-- Blackwood/mooadmin /home/mooadmin/public_html/new_blackwood/JGraphics/interface bgtime.jpg
2003.06.30 15:30 B C:\Blackwood\new_blackwood\JGraphics\interface\compass.gif <-- Blackwood/mooadmin /home/mooadmin/public_html/new_blackwood/JGraphics/interface compass.gif
2003.06.30 15:30 B C:\Blackwood\new_blackwood\JGraphics\interface\imgAboutBlackwood.gif <-- Blackwood/mooadmin /home/mooadmin/public_html/new_blackwood/JGraphics/interface imgAboutBlackwood.gif
2003.06.30 15:30 B C:\Blackwood\new_blackwood\JGraphics\interface\imgAboutBlackwoodPressed.gif <-- Blackwood/mooadmin /home/mooadmin/public_html/new_blackwood/JGraphics/interface imgAboutBlackwoodPressed.gif
2003.06.30 15:30 B C:\Blackwood\new_blackwood\JGraphics\interface\imgAdvertise.gif <-- Blackwood/mooadmin /home/mooadmin/public_html/new_blackwood/JGraphics/interface imgAdvertise.gif
2003.06.30 15:30 B C:\Blackwood\new_blackwood\JGraphics\interface\imgAdvertisePressed.gif <-- Blackwood/mooadmin /home/mooadmin/public_html/new_blackwood/JGraphics/interface imgAdvertisePressed.gif
2003.06.30 15:30 B C:\Blackwood\new_blackwood\JGraphics\interface\imgBegin.gif <-- Blackwood/mooadmin /home/mooadmin/public_html/new_blackwood/JGraphics/interface imgBegin.gif
2003.06.30 15:30 B C:\Blackwood\new_blackwood\JGraphics\interface\imgBeginPressed.gif <-- Blackwood/mooadmin /home/mooadmin/public_html/new_blackwood/JGraphics/interface imgBeginPressed.gif
2003.06.30 15:30 B C:\Blackwood\new_blackwood\JGraphics\interface\imgCancel.gif <-- Blackwood/mooadmin /home/mooadmin/public_html/new_blackwood/JGraphics/interface imgCancel.gif
2003.06.30 15:30 B C:\Blackwood\new_blackwood\JGraphics\interface\imgCancelPressed.gif <-- Blackwood/mooadmin /home/mooadmin/public_html/new_blackwood/JGraphics/interface imgCancelPressed.gif
2003.06.30 15:30 B C:\Blackwood\new_blackwood\JGraphics\interface\imgDone.gif <-- Blackwood/mooadmin /home/mooadmin/public_html/new_blackwood/JGraphics/interface imgDone.gif
2003.06.30 15:30 B C:\Blackwood\new_blackwood\JGraphics\interface\imgDonePressed.gif <-- Blackwood/mooadmin /home/mooadmin/public_html/new_blackwood/JGraphics/interface imgDonePressed.gif
2003.06.30 15:30 B C:\Blackwood\new_blackwood\JGraphics\interface\imgHelp.gif <-- Blackwood/mooadmin /home/mooadmin/public_html/new_blackwood/JGraphics/interface imgHelp.gif
2003.06.30 15:30 B C:\Blackwood\new_blackwood\JGraphics\interface\imgHelpPressed.gif <-- Blackwood/mooadmin /home/mooadmin/public_html/new_blackwood/JGraphics/interface imgHelpPressed.gif
2003.06.30 15:30 B C:\Blackwood\new_blackwood\JGraphics\interface\imgHireFire.gif <-- Blackwood/mooadmin /home/mooadmin/public_html/new_blackwood/JGraphics/interface imgHireFire.gif
2003.06.30 15:30 B C:\Blackwood\new_blackwood\JGraphics\interface\imgHireFirePressed.gif <-- Blackwood/mooadmin /home/mooadmin/public_html/new_blackwood/JGraphics/interface imgHireFirePressed.gif
2003.06.30 15:30 B C:\Blackwood\new_blackwood\JGraphics\interface\imgHome.gif <-- Blackwood/mooadmin /home/mooadmin/public_html/new_blackwood/JGraphics/interface imgHome.gif
2003.06.30 15:30 B C:\Blackwood\new_blackwood\JGraphics\interface\imgHomePressed.gif <-- Blackwood/mooadmin /home/mooadmin/public_html/new_blackwood/JGraphics/interface imgHomePressed.gif
2003.06.30 15:30 B C:\Blackwood\new_blackwood\JGraphics\interface\imgLedger.gif <-- Blackwood/mooadmin /home/mooadmin/public_html/new_blackwood/JGraphics/interface imgLedger.gif
2003.06.30 15:30 B C:\Blackwood\new_blackwood\JGraphics\interface\imgLedgerPressed.gif <-- Blackwood/mooadmin /home/mooadmin/public_html/new_blackwood/JGraphics/interface imgLedgerPressed.gif
2003.06.30 15:30 B C:\Blackwood\new_blackwood\JGraphics\interface\imgLogin.gif <-- Blackwood/mooadmin /home/mooadmin/public_html/new_blackwood/JGraphics/interface imgLogin.gif
2003.06.30 15:30 B C:\Blackwood\new_blackwood\JGraphics\interface\imgLoginPressed.gif <-- Blackwood/mooadmin /home/mooadmin/public_html/new_blackwood/JGraphics/interface imgLoginPressed.gif
2003.06.30 15:30 B C:\Blackwood\new_blackwood\JGraphics\interface\imgMap.gif <-- Blackwood/mooadmin /home/mooadmin/public_html/new_blackwood/JGraphics/interface imgMap.gif
2003.06.30 15:30 B C:\Blackwood\new_blackwood\JGraphics\interface\imgMapPressed.gif <-- Blackwood/mooadmin /home/mooadmin/public_html/new_blackwood/JGraphics/interface imgMapPressed.gif
2003.06.30 15:30 B C:\Blackwood\new_blackwood\JGraphics\interface\imgModify.gif <-- Blackwood/mooadmin /home/mooadmin/public_html/new_blackwood/JGraphics/interface imgModify.gif
2003.06.30 15:30 B C:\Blackwood\new_blackwood\JGraphics\interface\imgModifyPressed.gif <-- Blackwood/mooadmin /home/mooadmin/public_html/new_blackwood/JGraphics/interface imgModifyPressed.gif
2003.06.30 15:30 B C:\Blackwood\new_blackwood\JGraphics\interface\imgNewAd.gif <-- Blackwood/mooadmin /home/mooadmin/public_html/new_blackwood/JGraphics/interface imgNewAd.gif
2003.06.30 15:30 B C:\Blackwood\new_blackwood\JGraphics\interface\imgNewAdPressed.gif <-- Blackwood/mooadmin /home/mooadmin/public_html/new_blackwood/JGraphics/interface imgNewAdPressed.gif
2003.06.30 15:30 B C:\Blackwood\new_blackwood\JGraphics\interface\imgNews.gif <-- Blackwood/mooadmin /home/mooadmin/public_html/new_blackwood/JGraphics/interface imgNews.gif
2003.06.30 15:30 B C:\Blackwood\new_blackwood\JGraphics\interface\imgNewsPressed.gif <-- Blackwood/mooadmin /home/mooadmin/public_html/new_blackwood/JGraphics/interface imgNewsPressed.gif
2003.06.30 15:30 B C:\Blackwood\new_blackwood\JGraphics\interface\imgOptions.gif <-- Blackwood/mooadmin /home/mooadmin/public_html/new_blackwood/JGraphics/interface imgOptions.gif
2003.06.30 15:30 B C:\Blackwood\new_blackwood\JGraphics\interface\imgOptionsPressed.gif <-- Blackwood/mooadmin /home/mooadmin/public_html/new_blackwood/JGraphics/interface imgOptionsPressed.gif
2003.06.30 15:30 B C:\Blackwood\new_blackwood\JGraphics\interface\imgOrder.gif <-- Blackwood/mooadmin /home/mooadmin/public_html/new_blackwood/JGraphics/interface imgOrder.gif
2003.06.30 15:30 B C:\Blackwood\new_blackwood\JGraphics\interface\imgOrderPressed.gif <-- Blackwood/mooadmin /home/mooadmin/public_html/new_blackwood/JGraphics/interface imgOrderPressed.gif
2003.06.30 15:30 B C:\Blackwood\new_blackwood\JGraphics\interface\imgPicBox.gif <-- Blackwood/mooadmin /home/mooadmin/public_html/new_blackwood/JGraphics/interface imgPicBox.gif
2003.06.30 15:30 B C:\Blackwood\new_blackwood\JGraphics\interface\imgQuit.gif <-- Blackwood/mooadmin /home/mooadmin/public_html/new_blackwood/JGraphics/interface imgQuit.gif
2003.06.30 15:30 B C:\Blackwood\new_blackwood\JGraphics\interface\imgQuitPressed.gif <-- Blackwood/mooadmin /home/mooadmin/public_html/new_blackwood/JGraphics/interface imgQuitPressed.gif
2003.06.30 15:30 B C:\Blackwood\new_blackwood\JGraphics\interface\imgRegister.gif <-- Blackwood/mooadmin /home/mooadmin/public_html/new_blackwood/JGraphics/interface imgRegister.gif
2003.06.30 15:30 B C:\Blackwood\new_blackwood\JGraphics\interface\imgRegisterPressed.gif <-- Blackwood/mooadmin /home/mooadmin/public_html/new_blackwood/JGraphics/interface imgRegisterPressed.gif
2003.06.30 15:30 B C:\Blackwood\new_blackwood\JGraphics\interface\imgRemoveAd.gif <-- Blackwood/mooadmin /home/mooadmin/public_html/new_blackwood/JGraphics/interface imgRemoveAd.gif
2003.06.30 15:30 B C:\Blackwood\new_blackwood\JGraphics\interface\imgRemoveAdPressed.gif <-- Blackwood/mooadmin /home/mooadmin/public_html/new_blackwood/JGraphics/interface imgRemoveAdPressed.gif
2003.06.30 15:30 B C:\Blackwood\new_blackwood\JGraphics\interface\imgReturnStock.gif <-- Blackwood/mooadmin /home/mooadmin/public_html/new_blackwood/JGraphics/interface imgReturnStock.gif
2003.06.30 15:30 B C:\Blackwood\new_blackwood\JGraphics\interface\imgReturnStockPressed.gif <-- Blackwood/mooadmin /home/mooadmin/public_html/new_blackwood/JGraphics/interface imgReturnStockPressed.gif
2003.06.30 15:30 B C:\Blackwood\new_blackwood\JGraphics\interface\imgRevert.gif <-- Blackwood/mooadmin /home/mooadmin/public_html/new_blackwood/JGraphics/interface imgRevert.gif
2003.06.30 15:30 B C:\Blackwood\new_blackwood\JGraphics\interface\imgRevertPressed.gif <-- Blackwood/mooadmin /home/mooadmin/public_html/new_blackwood/JGraphics/interface imgRevertPressed.gif
2003.06.30 15:30 B C:\Blackwood\new_blackwood\JGraphics\interface\imgScores.gif <-- Blackwood/mooadmin /home/mooadmin/public_html/new_blackwood/JGraphics/interface imgScores.gif
2003.06.30 15:30 B C:\Blackwood\new_blackwood\JGraphics\interface\imgScoresPressed.gif <-- Blackwood/mooadmin /home/mooadmin/public_html/new_blackwood/JGraphics/interface imgScoresPressed.gif
2003.06.30 15:30 B C:\Blackwood\new_blackwood\JGraphics\interface\imgStock.gif <-- Blackwood/mooadmin /home/mooadmin/public_html/new_blackwood/JGraphics/interface imgStock.gif
2003.06.30 15:30 B C:\Blackwood\new_blackwood\JGraphics\interface\imgStockPressed.gif <-- Blackwood/mooadmin /home/mooadmin/public_html/new_blackwood/JGraphics/interface imgStockPressed.gif
2003.06.30 15:30 B C:\Blackwood\new_blackwood\JGraphics\interface\imgUpdateOrder.gif <-- Blackwood/mooadmin /home/mooadmin/public_html/new_blackwood/JGraphics/interface imgUpdateOrder.gif
2003.06.30 15:30 B C:\Blackwood\new_blackwood\JGraphics\interface\imgUpdateOrderPressed.gif <-- Blackwood/mooadmin /home/mooadmin/public_html/new_blackwood/JGraphics/interface imgUpdateOrderPressed.gif
2003.06.30 15:30 B C:\Blackwood\new_blackwood\JGraphics\interface\MainBackground.jpg <-- Blackwood/mooadmin /home/mooadmin/public_html/new_blackwood/JGraphics/interface MainBackground.jpg
2003.06.30 15:30 B C:\Blackwood\new_blackwood\JGraphics\interface\MainBackground0.jpg <-- Blackwood/mooadmin /home/mooadmin/public_html/new_blackwood/JGraphics/interface MainBackground0.jpg
2003.06.30 15:30 B C:\Blackwood\new_blackwood\JGraphics\interface\MainBackground1.jpg <-- Blackwood/mooadmin /home/mooadmin/public_html/new_blackwood/JGraphics/interface MainBackground1.jpg
2003.06.30 15:30 B C:\Blackwood\new_blackwood\JGraphics\interface\noimg.gif <-- Blackwood/mooadmin /home/mooadmin/public_html/new_blackwood/JGraphics/interface noimg.gif
2003.06.30 15:30 B C:\Blackwood\new_blackwood\JGraphics\interface\Preload.cgi <-- Blackwood/mooadmin /home/mooadmin/public_html/new_blackwood/JGraphics/interface Preload.cgi
