2003.06.30 15:30 B C:\Blackwood\new_blackwood\JGraphics\objects\73_in_mirror_2.gif <-- Blackwood/mooadmin /home/mooadmin/public_html/new_blackwood/JGraphics/objects 73_in_mirror_2.gif
2003.06.30 15:30 B C:\Blackwood\new_blackwood\JGraphics\objects\8ftfedcoloredsized.gif <-- Blackwood/mooadmin /home/mooadmin/public_html/new_blackwood/JGraphics/objects 8ftfedcoloredsized.gif
2003.06.30 15:30 B C:\Blackwood\new_blackwood\JGraphics\objects\anvil.gif <-- Blackwood/mooadmin /home/mooadmin/public_html/new_blackwood/JGraphics/objects anvil.gif
2003.06.30 15:30 B C:\Blackwood\new_blackwood\JGraphics\objects\ApplePeeler.gif <-- Blackwood/mooadmin /home/mooadmin/public_html/new_blackwood/JGraphics/objects ApplePeeler.gif
2003.06.30 15:30 B C:\Blackwood\new_blackwood\JGraphics\objects\BabyInShoe.gif <-- Blackwood/mooadmin /home/mooadmin/public_html/new_blackwood/JGraphics/objects BabyInShoe.gif
2003.06.30 15:30 B C:\Blackwood\new_blackwood\JGraphics\objects\balky_mule_toy_5368.gif <-- Blackwood/mooadmin /home/mooadmin/public_html/new_blackwood/JGraphics/objects balky_mule_toy_5368.gif
2003.06.30 15:30 B C:\Blackwood\new_blackwood\JGraphics\objects\bamboobench.gif <-- Blackwood/mooadmin /home/mooadmin/public_html/new_blackwood/JGraphics/objects bamboobench.gif
2003.06.30 15:30 B C:\Blackwood\new_blackwood\JGraphics\objects\bench.gif <-- Blackwood/mooadmin /home/mooadmin/public_html/new_blackwood/JGraphics/objects bench.gif
2003.06.30 15:30 B C:\Blackwood\new_blackwood\JGraphics\objects\Bird.gif <-- Blackwood/mooadmin /home/mooadmin/public_html/new_blackwood/JGraphics/objects Bird.gif
2003.06.30 15:30 B C:\Blackwood\new_blackwood\JGraphics\objects\black-labrador.gif <-- Blackwood/mooadmin /home/mooadmin/public_html/new_blackwood/JGraphics/objects black-labrador.gif
2003.06.30 15:30 B C:\Blackwood\new_blackwood\JGraphics\objects\board.gif <-- Blackwood/mooadmin /home/mooadmin/public_html/new_blackwood/JGraphics/objects board.gif
2003.06.30 15:30 B C:\Blackwood\new_blackwood\JGraphics\objects\Bookcase.gif <-- Blackwood/mooadmin /home/mooadmin/public_html/new_blackwood/JGraphics/objects Bookcase.gif
2003.06.30 15:30 B C:\Blackwood\new_blackwood\JGraphics\objects\bulldogfightsized.gif <-- Blackwood/mooadmin /home/mooadmin/public_html/new_blackwood/JGraphics/objects bulldogfightsized.gif
2003.06.30 15:30 B C:\Blackwood\new_blackwood\JGraphics\objects\burmese.gif <-- Blackwood/mooadmin /home/mooadmin/public_html/new_blackwood/JGraphics/objects burmese.gif
2003.06.30 15:30 B C:\Blackwood\new_blackwood\JGraphics\objects\butler's desk.gif <-- Blackwood/mooadmin /home/mooadmin/public_html/new_blackwood/JGraphics/objects butler's desk.gif
2003.06.30 15:30 B C:\Blackwood\new_blackwood\JGraphics\objects\CarloBugattiChair_5365.gif <-- Blackwood/mooadmin /home/mooadmin/public_html/new_blackwood/JGraphics/objects CarloBugattiChair_5365.gif
2003.06.30 15:30 B C:\Blackwood\new_blackwood\JGraphics\objects\carved rosewood table.gif <-- Blackwood/mooadmin /home/mooadmin/public_html/new_blackwood/JGraphics/objects carved rosewood table.gif
2003.06.30 15:30 B C:\Blackwood\new_blackwood\JGraphics\objects\Cast Iron Seal.gif <-- Blackwood/mooadmin /home/mooadmin/public_html/new_blackwood/JGraphics/objects Cast Iron Seal.gif
2003.06.30 15:30 B C:\Blackwood\new_blackwood\JGraphics\objects\castiron_piggybank.gif <-- Blackwood/mooadmin /home/mooadmin/public_html/new_blackwood/JGraphics/objects castiron_piggybank.gif
2003.06.30 15:30 B C:\Blackwood\new_blackwood\JGraphics\objects\CenterPieceBowl.gif <-- Blackwood/mooadmin /home/mooadmin/public_html/new_blackwood/JGraphics/objects CenterPieceBowl.gif
2003.06.30 15:30 B C:\Blackwood\new_blackwood\JGraphics\objects\cfurtrans.gif <-- Blackwood/mooadmin /home/mooadmin/public_html/new_blackwood/JGraphics/objects cfurtrans.gif
2003.06.30 15:30 B C:\Blackwood\new_blackwood\JGraphics\objects\chaircoloredsized.gif <-- Blackwood/mooadmin /home/mooadmin/public_html/new_blackwood/JGraphics/objects chaircoloredsized.gif
2003.06.30 15:30 B C:\Blackwood\new_blackwood\JGraphics\objects\chihuahua.gif <-- Blackwood/mooadmin /home/mooadmin/public_html/new_blackwood/JGraphics/objects chihuahua.gif
2003.06.30 15:30 B C:\Blackwood\new_blackwood\JGraphics\objects\china.gif <-- Blackwood/mooadmin /home/mooadmin/public_html/new_blackwood/JGraphics/objects china.gif
2003.06.30 15:30 B C:\Blackwood\new_blackwood\JGraphics\objects\clock.gif <-- Blackwood/mooadmin /home/mooadmin/public_html/new_blackwood/JGraphics/objects clock.gif
2003.06.30 15:30 B C:\Blackwood\new_blackwood\JGraphics\objects\clown_doll.gif <-- Blackwood/mooadmin /home/mooadmin/public_html/new_blackwood/JGraphics/objects clown_doll.gif
2003.06.30 15:30 B C:\Blackwood\new_blackwood\JGraphics\objects\coffeepot.gif <-- Blackwood/mooadmin /home/mooadmin/public_html/new_blackwood/JGraphics/objects coffeepot.gif
2003.06.30 15:30 B C:\Blackwood\new_blackwood\JGraphics\objects\collie.gif <-- Blackwood/mooadmin /home/mooadmin/public_html/new_blackwood/JGraphics/objects collie.gif
2003.06.30 15:30 B C:\Blackwood\new_blackwood\JGraphics\objects\coloredtypewritersized.gif <-- Blackwood/mooadmin /home/mooadmin/public_html/new_blackwood/JGraphics/objects coloredtypewritersized.gif
2003.06.30 15:30 B C:\Blackwood\new_blackwood\JGraphics\objects\coloredvasesized.gif <-- Blackwood/mooadmin /home/mooadmin/public_html/new_blackwood/JGraphics/objects coloredvasesized.gif
2003.06.30 15:30 B C:\Blackwood\new_blackwood\JGraphics\objects\Comfort_Chair.gif <-- Blackwood/mooadmin /home/mooadmin/public_html/new_blackwood/JGraphics/objects Comfort_Chair.gif
2003.06.30 15:30 B C:\Blackwood\new_blackwood\JGraphics\objects\conestogawagonbasic.gif <-- Blackwood/mooadmin /home/mooadmin/public_html/new_blackwood/JGraphics/objects conestogawagonbasic.gif
2003.06.30 15:30 B C:\Blackwood\new_blackwood\JGraphics\objects\conestogawagonfancy.gif <-- Blackwood/mooadmin /home/mooadmin/public_html/new_blackwood/JGraphics/objects conestogawagonfancy.gif
2003.06.30 15:30 B C:\Blackwood\new_blackwood\JGraphics\objects\congressional desk.gif <-- Blackwood/mooadmin /home/mooadmin/public_html/new_blackwood/JGraphics/objects congressional desk.gif
2003.06.30 15:30 B C:\Blackwood\new_blackwood\JGraphics\objects\coppernails(1.gif <-- Blackwood/mooadmin /home/mooadmin/public_html/new_blackwood/JGraphics/objects coppernails(1.gif
2003.06.30 15:30 B C:\Blackwood\new_blackwood\JGraphics\objects\Coral Bell.gif <-- Blackwood/mooadmin /home/mooadmin/public_html/new_blackwood/JGraphics/objects Coral Bell.gif
2003.06.30 15:30 B C:\Blackwood\new_blackwood\JGraphics\objects\cottonFabric.gif <-- Blackwood/mooadmin /home/mooadmin/public_html/new_blackwood/JGraphics/objects cottonFabric.gif
2003.06.30 15:30 B C:\Blackwood\new_blackwood\JGraphics\objects\country cupboard.gif <-- Blackwood/mooadmin /home/mooadmin/public_html/new_blackwood/JGraphics/objects country cupboard.gif
2003.06.30 15:30 B C:\Blackwood\new_blackwood\JGraphics\objects\cowboyhat.gif <-- Blackwood/mooadmin /home/mooadmin/public_html/new_blackwood/JGraphics/objects cowboyhat.gif
2003.06.30 15:30 B C:\Blackwood\new_blackwood\JGraphics\objects\DarkCanvas.gif <-- Blackwood/mooadmin /home/mooadmin/public_html/new_blackwood/JGraphics/objects DarkCanvas.gif
2003.06.30 15:30 B C:\Blackwood\new_blackwood\JGraphics\objects\Dental Chair.gif <-- Blackwood/mooadmin /home/mooadmin/public_html/new_blackwood/JGraphics/objects Dental Chair.gif
2003.06.30 15:30 B C:\Blackwood\new_blackwood\JGraphics\objects\Dog Pitcher.gif <-- Blackwood/mooadmin /home/mooadmin/public_html/new_blackwood/JGraphics/objects Dog Pitcher.gif
2003.06.30 15:30 B C:\Blackwood\new_blackwood\JGraphics\objects\Doll.gif <-- Blackwood/mooadmin /home/mooadmin/public_html/new_blackwood/JGraphics/objects Doll.gif
2003.06.30 15:30 B C:\Blackwood\new_blackwood\JGraphics\objects\dragonflypin.gif <-- Blackwood/mooadmin /home/mooadmin/public_html/new_blackwood/JGraphics/objects dragonflypin.gif
2003.06.30 15:30 B C:\Blackwood\new_blackwood\JGraphics\objects\dresdensanta.gif <-- Blackwood/mooadmin /home/mooadmin/public_html/new_blackwood/JGraphics/objects dresdensanta.gif
2003.06.30 15:30 B C:\Blackwood\new_blackwood\JGraphics\objects\dressergifsized.gif <-- Blackwood/mooadmin /home/mooadmin/public_html/new_blackwood/JGraphics/objects dressergifsized.gif
2003.06.30 15:30 B C:\Blackwood\new_blackwood\JGraphics\objects\Elephant-shaped Inkwell .gif <-- Blackwood/mooadmin /home/mooadmin/public_html/new_blackwood/JGraphics/objects Elephant-shaped Inkwell .gif
2003.06.30 15:30 B C:\Blackwood\new_blackwood\JGraphics\objects\fall_front_desk.gif <-- Blackwood/mooadmin /home/mooadmin/public_html/new_blackwood/JGraphics/objects fall_front_desk.gif
2003.06.30 15:30 B C:\Blackwood\new_blackwood\JGraphics\objects\Federal Sideboard.gif <-- Blackwood/mooadmin /home/mooadmin/public_html/new_blackwood/JGraphics/objects Federal Sideboard.gif
2003.06.30 15:31 B C:\Blackwood\new_blackwood\JGraphics\objects\finewool.gif <-- Blackwood/mooadmin /home/mooadmin/public_html/new_blackwood/JGraphics/objects finewool.gif
2003.06.30 15:31 B C:\Blackwood\new_blackwood\JGraphics\objects\Fishlike Shaped Silver Pieces.gif <-- Blackwood/mooadmin /home/mooadmin/public_html/new_blackwood/JGraphics/objects Fishlike Shaped Silver Pieces.gif
2003.06.30 15:31 B C:\Blackwood\new_blackwood\JGraphics\objects\flamabletrans.gif <-- Blackwood/mooadmin /home/mooadmin/public_html/new_blackwood/JGraphics/objects flamabletrans.gif
2003.06.30 15:31 B C:\Blackwood\new_blackwood\JGraphics\objects\FlatIron.gif <-- Blackwood/mooadmin /home/mooadmin/public_html/new_blackwood/JGraphics/objects FlatIron.gif
2003.06.30 15:31 B C:\Blackwood\new_blackwood\JGraphics\objects\floor_four_post_bed.gif <-- Blackwood/mooadmin /home/mooadmin/public_html/new_blackwood/JGraphics/objects floor_four_post_bed.gif
2003.06.30 15:31 B C:\Blackwood\new_blackwood\JGraphics\objects\flour_mill.gif <-- Blackwood/mooadmin /home/mooadmin/public_html/new_blackwood/JGraphics/objects flour_mill.gif
2003.06.30 15:31 B C:\Blackwood\new_blackwood\JGraphics\objects\FlowerPot.gif <-- Blackwood/mooadmin /home/mooadmin/public_html/new_blackwood/JGraphics/objects FlowerPot.gif
2003.06.30 15:31 B C:\Blackwood\new_blackwood\JGraphics\objects\footstool.gif <-- Blackwood/mooadmin /home/mooadmin/public_html/new_blackwood/JGraphics/objects footstool.gif
2003.06.30 15:31 B C:\Blackwood\new_blackwood\JGraphics\objects\go_cart_sleeper.gif <-- Blackwood/mooadmin /home/mooadmin/public_html/new_blackwood/JGraphics/objects go_cart_sleeper.gif
2003.06.30 15:31 B C:\Blackwood\new_blackwood\JGraphics\objects\grandclock.gif <-- Blackwood/mooadmin /home/mooadmin/public_html/new_blackwood/JGraphics/objects grandclock.gif
2003.06.30 15:31 B C:\Blackwood\new_blackwood\JGraphics\objects\Green_Figural_Vase.gif <-- Blackwood/mooadmin /home/mooadmin/public_html/new_blackwood/JGraphics/objects Green_Figural_Vase.gif
2003.06.30 15:31 B C:\Blackwood\new_blackwood\JGraphics\objects\hairless.gif <-- Blackwood/mooadmin /home/mooadmin/public_html/new_blackwood/JGraphics/objects hairless.gif
2003.06.30 15:31 B C:\Blackwood\new_blackwood\JGraphics\objects\hammer.gif <-- Blackwood/mooadmin /home/mooadmin/public_html/new_blackwood/JGraphics/objects hammer.gif
2003.06.30 15:31 B C:\Blackwood\new_blackwood\JGraphics\objects\HandelLamp_5366.gif <-- Blackwood/mooadmin /home/mooadmin/public_html/new_blackwood/JGraphics/objects HandelLamp_5366.gif
2003.06.30 15:31 B C:\Blackwood\new_blackwood\JGraphics\objects\heavydutywagonrepair.gif <-- Blackwood/mooadmin /home/mooadmin/public_html/new_blackwood/JGraphics/objects heavydutywagonrepair.gif
2003.06.30 15:31 B C:\Blackwood\new_blackwood\JGraphics\objects\heavywool.gif <-- Blackwood/mooadmin /home/mooadmin/public_html/new_blackwood/JGraphics/objects heavywool.gif
2003.06.30 15:31 B C:\Blackwood\new_blackwood\JGraphics\objects\hibridal.gif <-- Blackwood/mooadmin /home/mooadmin/public_html/new_blackwood/JGraphics/objects hibridal.gif
2003.06.30 15:31 B C:\Blackwood\new_blackwood\JGraphics\objects\homelantern1249.gif <-- Blackwood/mooadmin /home/mooadmin/public_html/new_blackwood/JGraphics/objects homelantern1249.gif
2003.06.30 15:31 B C:\Blackwood\new_blackwood\JGraphics\objects\hope_chest.gif <-- Blackwood/mooadmin /home/mooadmin/public_html/new_blackwood/JGraphics/objects hope_chest.gif
2003.06.30 15:31 B C:\Blackwood\new_blackwood\JGraphics\objects\horseshoe copy.gif <-- Blackwood/mooadmin /home/mooadmin/public_html/new_blackwood/JGraphics/objects horseshoe copy.gif
2003.06.30 15:31 B C:\Blackwood\new_blackwood\JGraphics\objects\house_shaped_salt_glazed_teapot_5336.gif <-- Blackwood/mooadmin /home/mooadmin/public_html/new_blackwood/JGraphics/objects house_shaped_salt_glazed_teapot_5336.gif
2003.06.30 15:31 B C:\Blackwood\new_blackwood\JGraphics\objects\hvwheelrepairmetal1417.jpg <-- Blackwood/mooadmin /home/mooadmin/public_html/new_blackwood/JGraphics/objects hvwheelrepairmetal1417.jpg
2003.06.30 15:31 B C:\Blackwood\new_blackwood\JGraphics\objects\hvwheelrepairwood1416.jpg <-- Blackwood/mooadmin /home/mooadmin/public_html/new_blackwood/JGraphics/objects hvwheelrepairwood1416.jpg
2003.06.30 15:31 B C:\Blackwood\new_blackwood\JGraphics\objects\hvwoolblanket1251.gif <-- Blackwood/mooadmin /home/mooadmin/public_html/new_blackwood/JGraphics/objects hvwoolblanket1251.gif
2003.06.30 15:31 B C:\Blackwood\new_blackwood\JGraphics\objects\JewelryChest_5375.gif <-- Blackwood/mooadmin /home/mooadmin/public_html/new_blackwood/JGraphics/objects JewelryChest_5375.gif
2003.06.30 15:31 B C:\Blackwood\new_blackwood\JGraphics\objects\lantern1.gif <-- Blackwood/mooadmin /home/mooadmin/public_html/new_blackwood/JGraphics/objects lantern1.gif
2003.06.30 15:31 B C:\Blackwood\new_blackwood\JGraphics\objects\lawnmower.gif <-- Blackwood/mooadmin /home/mooadmin/public_html/new_blackwood/JGraphics/objects lawnmower.gif
2003.06.30 15:31 B C:\Blackwood\new_blackwood\JGraphics\objects\Leonard & Wilson Cup.gif <-- Blackwood/mooadmin /home/mooadmin/public_html/new_blackwood/JGraphics/objects Leonard & Wilson Cup.gif
2003.06.30 15:31 B C:\Blackwood\new_blackwood\JGraphics\objects\LightCanvasFabricRoll.gif <-- Blackwood/mooadmin /home/mooadmin/public_html/new_blackwood/JGraphics/objects LightCanvasFabricRoll.gif
2003.06.30 15:31 B C:\Blackwood\new_blackwood\JGraphics\objects\lightdutywagonrepair.gif <-- Blackwood/mooadmin /home/mooadmin/public_html/new_blackwood/JGraphics/objects lightdutywagonrepair.gif
2003.06.30 15:31 B C:\Blackwood\new_blackwood\JGraphics\objects\Lion.gif <-- Blackwood/mooadmin /home/mooadmin/public_html/new_blackwood/JGraphics/objects Lion.gif
2003.06.30 15:31 B C:\Blackwood\new_blackwood\JGraphics\objects\ltcottonblanket1252.gif <-- Blackwood/mooadmin /home/mooadmin/public_html/new_blackwood/JGraphics/objects ltcottonblanket1252.gif
2003.06.30 15:31 B C:\Blackwood\new_blackwood\JGraphics\objects\ltwheel.gif <-- Blackwood/mooadmin /home/mooadmin/public_html/new_blackwood/JGraphics/objects ltwheel.gif
2003.06.30 15:31 B C:\Blackwood\new_blackwood\JGraphics\objects\ltwheelrepair1415.jpg <-- Blackwood/mooadmin /home/mooadmin/public_html/new_blackwood/JGraphics/objects ltwheelrepair1415.jpg
2003.06.30 15:31 B C:\Blackwood\new_blackwood\JGraphics\objects\mahogany table.gif <-- Blackwood/mooadmin /home/mooadmin/public_html/new_blackwood/JGraphics/objects mahogany table.gif
2003.06.30 15:31 B C:\Blackwood\new_blackwood\JGraphics\objects\Majolica Cheese Dish.gif <-- Blackwood/mooadmin /home/mooadmin/public_html/new_blackwood/JGraphics/objects Majolica Cheese Dish.gif
2003.06.30 15:31 B C:\Blackwood\new_blackwood\JGraphics\objects\manx.gif <-- Blackwood/mooadmin /home/mooadmin/public_html/new_blackwood/JGraphics/objects manx.gif
2003.06.30 15:31 B C:\Blackwood\new_blackwood\JGraphics\objects\mapledresser.gif <-- Blackwood/mooadmin /home/mooadmin/public_html/new_blackwood/JGraphics/objects mapledresser.gif
2003.06.30 15:31 B C:\Blackwood\new_blackwood\JGraphics\objects\mechanical_bank.gif <-- Blackwood/mooadmin /home/mooadmin/public_html/new_blackwood/JGraphics/objects mechanical_bank.gif
2003.06.30 15:31 B C:\Blackwood\new_blackwood\JGraphics\objects\Mesh Purse.gif <-- Blackwood/mooadmin /home/mooadmin/public_html/new_blackwood/JGraphics/objects Mesh Purse.gif
2003.06.30 15:31 B C:\Blackwood\new_blackwood\JGraphics\objects\metalwheel1375.jpg <-- Blackwood/mooadmin /home/mooadmin/public_html/new_blackwood/JGraphics/objects metalwheel1375.jpg
2003.06.30 15:31 B C:\Blackwood\new_blackwood\JGraphics\objects\mtlstrp.gif <-- Blackwood/mooadmin /home/mooadmin/public_html/new_blackwood/JGraphics/objects mtlstrp.gif
2003.06.30 15:31 B C:\Blackwood\new_blackwood\JGraphics\objects\mule.gif <-- Blackwood/mooadmin /home/mooadmin/public_html/new_blackwood/JGraphics/objects mule.gif
2003.06.30 15:31 B C:\Blackwood\new_blackwood\JGraphics\objects\newhammer.gif <-- Blackwood/mooadmin /home/mooadmin/public_html/new_blackwood/JGraphics/objects newhammer.gif
2003.06.30 15:31 B C:\Blackwood\new_blackwood\JGraphics\objects\newpotpans.gif <-- Blackwood/mooadmin /home/mooadmin/public_html/new_blackwood/JGraphics/objects newpotpans.gif
2003.06.30 15:31 B C:\Blackwood\new_blackwood\JGraphics\objects\newripsaw.gif <-- Blackwood/mooadmin /home/mooadmin/public_html/new_blackwood/JGraphics/objects newripsaw.gif
2003.06.30 15:31 B C:\Blackwood\new_blackwood\JGraphics\objects\newropepile.gif <-- Blackwood/mooadmin /home/mooadmin/public_html/new_blackwood/JGraphics/objects newropepile.gif
2003.06.30 15:31 B C:\Blackwood\new_blackwood\JGraphics\objects\newstove.gif <-- Blackwood/mooadmin /home/mooadmin/public_html/new_blackwood/JGraphics/objects newstove.gif
2003.06.30 15:31 B C:\Blackwood\new_blackwood\JGraphics\objects\noimg.gif <-- Blackwood/mooadmin /home/mooadmin/public_html/new_blackwood/JGraphics/objects noimg.gif
2003.06.30 15:31 B C:\Blackwood\new_blackwood\JGraphics\objects\Oak Sideboard.gif <-- Blackwood/mooadmin /home/mooadmin/public_html/new_blackwood/JGraphics/objects Oak Sideboard.gif
2003.06.30 15:31 B C:\Blackwood\new_blackwood\JGraphics\objects\outdoorlantern1250.gif <-- Blackwood/mooadmin /home/mooadmin/public_html/new_blackwood/JGraphics/objects outdoorlantern1250.gif
2003.06.30 15:31 B C:\Blackwood\new_blackwood\JGraphics\objects\OysterPlate.gif <-- Blackwood/mooadmin /home/mooadmin/public_html/new_blackwood/JGraphics/objects OysterPlate.gif
2003.06.30 15:31 B C:\Blackwood\new_blackwood\JGraphics\objects\patrioticCottonFabric.gif <-- Blackwood/mooadmin /home/mooadmin/public_html/new_blackwood/JGraphics/objects patrioticCottonFabric.gif
2003.06.30 15:31 B C:\Blackwood\new_blackwood\JGraphics\objects\pestcontroltrans-1.gif <-- Blackwood/mooadmin /home/mooadmin/public_html/new_blackwood/JGraphics/objects pestcontroltrans-1.gif
2003.06.30 15:31 B C:\Blackwood\new_blackwood\JGraphics\objects\phone.gif <-- Blackwood/mooadmin /home/mooadmin/public_html/new_blackwood/JGraphics/objects phone.gif
2003.06.30 15:31 B C:\Blackwood\new_blackwood\JGraphics\objects\pie_crimper.gif <-- Blackwood/mooadmin /home/mooadmin/public_html/new_blackwood/JGraphics/objects pie_crimper.gif
2003.06.30 15:31 B C:\Blackwood\new_blackwood\JGraphics\objects\planetarium.gif <-- Blackwood/mooadmin /home/mooadmin/public_html/new_blackwood/JGraphics/objects planetarium.gif
2003.06.30 15:31 B C:\Blackwood\new_blackwood\JGraphics\objects\PlantStand.gif <-- Blackwood/mooadmin /home/mooadmin/public_html/new_blackwood/JGraphics/objects PlantStand.gif
2003.06.30 15:31 B C:\Blackwood\new_blackwood\JGraphics\objects\porcelaindollssized.gif <-- Blackwood/mooadmin /home/mooadmin/public_html/new_blackwood/JGraphics/objects porcelaindollssized.gif
2003.06.30 15:31 B C:\Blackwood\new_blackwood\JGraphics\objects\Porcelian Paperweight.gif <-- Blackwood/mooadmin /home/mooadmin/public_html/new_blackwood/JGraphics/objects Porcelian Paperweight.gif
2003.06.30 15:31 B C:\Blackwood\new_blackwood\JGraphics\objects\Potato Peeler.gif <-- Blackwood/mooadmin /home/mooadmin/public_html/new_blackwood/JGraphics/objects Potato Peeler.gif
2003.06.30 15:31 B C:\Blackwood\new_blackwood\JGraphics\objects\potspans1207.gif <-- Blackwood/mooadmin /home/mooadmin/public_html/new_blackwood/JGraphics/objects potspans1207.gif
2003.06.30 15:31 B C:\Blackwood\new_blackwood\JGraphics\objects\Preload.cgi <-- Blackwood/mooadmin /home/mooadmin/public_html/new_blackwood/JGraphics/objects Preload.cgi
2003.06.30 15:31 B C:\Blackwood\new_blackwood\JGraphics\objects\puzzle_jug.gif <-- Blackwood/mooadmin /home/mooadmin/public_html/new_blackwood/JGraphics/objects puzzle_jug.gif
2003.06.30 15:31 B C:\Blackwood\new_blackwood\JGraphics\objects\queen ann desk.gif <-- Blackwood/mooadmin /home/mooadmin/public_html/new_blackwood/JGraphics/objects queen ann desk.gif
2003.06.30 15:31 B C:\Blackwood\new_blackwood\JGraphics\objects\ridehors.gif <-- Blackwood/mooadmin /home/mooadmin/public_html/new_blackwood/JGraphics/objects ridehors.gif
2003.06.30 15:31 B C:\Blackwood\new_blackwood\JGraphics\objects\ridehorse.gif <-- Blackwood/mooadmin /home/mooadmin/public_html/new_blackwood/JGraphics/objects ridehorse.gif
2003.06.30 15:31 B C:\Blackwood\new_blackwood\JGraphics\objects\Roseville Vase.gif <-- Blackwood/mooadmin /home/mooadmin/public_html/new_blackwood/JGraphics/objects Roseville Vase.gif
2003.06.30 15:31 B C:\Blackwood\new_blackwood\JGraphics\objects\rotary cork press.gif <-- Blackwood/mooadmin /home/mooadmin/public_html/new_blackwood/JGraphics/objects rotary cork press.gif
2003.06.30 15:31 B C:\Blackwood\new_blackwood\JGraphics\objects\round table.gif <-- Blackwood/mooadmin /home/mooadmin/public_html/new_blackwood/JGraphics/objects round table.gif
2003.06.30 15:31 B C:\Blackwood\new_blackwood\JGraphics\objects\SewingSupplies.gif <-- Blackwood/mooadmin /home/mooadmin/public_html/new_blackwood/JGraphics/objects SewingSupplies.gif
2003.06.30 15:31 B C:\Blackwood\new_blackwood\JGraphics\objects\Shaker_Rocker.gif <-- Blackwood/mooadmin /home/mooadmin/public_html/new_blackwood/JGraphics/objects Shaker_Rocker.gif
2003.06.30 15:31 B C:\Blackwood\new_blackwood\JGraphics\objects\shoe_vase.gif <-- Blackwood/mooadmin /home/mooadmin/public_html/new_blackwood/JGraphics/objects shoe_vase.gif
2003.06.30 15:31 B C:\Blackwood\new_blackwood\JGraphics\objects\silverring.gif <-- Blackwood/mooadmin /home/mooadmin/public_html/new_blackwood/JGraphics/objects silverring.gif
2003.06.30 15:31 B C:\Blackwood\new_blackwood\JGraphics\objects\smallpatchwork.gif <-- Blackwood/mooadmin /home/mooadmin/public_html/new_blackwood/JGraphics/objects smallpatchwork.gif
2003.06.30 15:31 B C:\Blackwood\new_blackwood\JGraphics\objects\snarlingfishvase.gif <-- Blackwood/mooadmin /home/mooadmin/public_html/new_blackwood/JGraphics/objects snarlingfishvase.gif
2003.06.30 15:31 B C:\Blackwood\new_blackwood\JGraphics\objects\SteelShovel.gif <-- Blackwood/mooadmin /home/mooadmin/public_html/new_blackwood/JGraphics/objects SteelShovel.gif
2003.06.30 15:31 B C:\Blackwood\new_blackwood\JGraphics\objects\steepleclock.gif <-- Blackwood/mooadmin /home/mooadmin/public_html/new_blackwood/JGraphics/objects steepleclock.gif
2003.06.30 15:31 B C:\Blackwood\new_blackwood\JGraphics\objects\swivel table.gif <-- Blackwood/mooadmin /home/mooadmin/public_html/new_blackwood/JGraphics/objects swivel table.gif
2003.06.30 15:31 B C:\Blackwood\new_blackwood\JGraphics\objects\table.gif <-- Blackwood/mooadmin /home/mooadmin/public_html/new_blackwood/JGraphics/objects table.gif
2003.06.30 15:31 B C:\Blackwood\new_blackwood\JGraphics\objects\tablegifedsized.gif <-- Blackwood/mooadmin /home/mooadmin/public_html/new_blackwood/JGraphics/objects tablegifedsized.gif
2003.06.30 15:31 B C:\Blackwood\new_blackwood\JGraphics\objects\Thumbs.db <-- Blackwood/mooadmin /home/mooadmin/public_html/new_blackwood/JGraphics/objects Thumbs.db
2003.06.30 15:31 B C:\Blackwood\new_blackwood\JGraphics\objects\TinLamp.gif <-- Blackwood/mooadmin /home/mooadmin/public_html/new_blackwood/JGraphics/objects TinLamp.gif
2003.06.30 15:31 B C:\Blackwood\new_blackwood\JGraphics\objects\tophat.gif <-- Blackwood/mooadmin /home/mooadmin/public_html/new_blackwood/JGraphics/objects tophat.gif
2003.06.30 15:31 B C:\Blackwood\new_blackwood\JGraphics\objects\toyballoon.gif <-- Blackwood/mooadmin /home/mooadmin/public_html/new_blackwood/JGraphics/objects toyballoon.gif
2003.06.30 15:31 B C:\Blackwood\new_blackwood\JGraphics\objects\typewritercologifsized.gif <-- Blackwood/mooadmin /home/mooadmin/public_html/new_blackwood/JGraphics/objects typewritercologifsized.gif
2003.06.30 15:31 B C:\Blackwood\new_blackwood\JGraphics\objects\vicdresser.gif <-- Blackwood/mooadmin /home/mooadmin/public_html/new_blackwood/JGraphics/objects vicdresser.gif
2003.06.30 15:31 B C:\Blackwood\new_blackwood\JGraphics\objects\Victorian Coffee Pot .gif <-- Blackwood/mooadmin /home/mooadmin/public_html/new_blackwood/JGraphics/objects Victorian Coffee Pot .gif
2003.06.30 15:31 B C:\Blackwood\new_blackwood\JGraphics\objects\victorian_bed.gif <-- Blackwood/mooadmin /home/mooadmin/public_html/new_blackwood/JGraphics/objects victorian_bed.gif
2003.06.30 15:31 B C:\Blackwood\new_blackwood\JGraphics\objects\Victorian_Convertible_Chair.gif <-- Blackwood/mooadmin /home/mooadmin/public_html/new_blackwood/JGraphics/objects Victorian_Convertible_Chair.gif
2003.06.30 15:31 B C:\Blackwood\new_blackwood\JGraphics\objects\VictorianCenterTable1.gif <-- Blackwood/mooadmin /home/mooadmin/public_html/new_blackwood/JGraphics/objects VictorianCenterTable1.gif
2003.06.30 15:31 B C:\Blackwood\new_blackwood\JGraphics\objects\WashingMachine.gif <-- Blackwood/mooadmin /home/mooadmin/public_html/new_blackwood/JGraphics/objects WashingMachine.gif
2003.06.30 15:31 B C:\Blackwood\new_blackwood\JGraphics\objects\water_pitcher.gif <-- Blackwood/mooadmin /home/mooadmin/public_html/new_blackwood/JGraphics/objects water_pitcher.gif
2003.06.30 15:31 B C:\Blackwood\new_blackwood\JGraphics\objects\WickerTete-a-tetechair5364.gif <-- Blackwood/mooadmin /home/mooadmin/public_html/new_blackwood/JGraphics/objects WickerTete-a-tetechair5364.gif
2003.06.30 15:31 B C:\Blackwood\new_blackwood\JGraphics\objects\womenClothing.gif <-- Blackwood/mooadmin /home/mooadmin/public_html/new_blackwood/JGraphics/objects womenClothing.gif
2003.06.30 15:31 B C:\Blackwood\new_blackwood\JGraphics\objects\woodenwheel1374.gif <-- Blackwood/mooadmin /home/mooadmin/public_html/new_blackwood/JGraphics/objects woodenwheel1374.gif
2003.06.30 15:31 B C:\Blackwood\new_blackwood\JGraphics\objects\workhorse.gif <-- Blackwood/mooadmin /home/mooadmin/public_html/new_blackwood/JGraphics/objects workhorse.gif
2003.06.30 15:31 B C:\Blackwood\new_blackwood\JGraphics\objects\wrkhorse.gif <-- Blackwood/mooadmin /home/mooadmin/public_html/new_blackwood/JGraphics/objects wrkhorse.gif
